{"C:\\Users\\Egyedge\\OneDrive\\Dokumentumok\\GitHub\\20250408_EG\\react\\Input.js": {"path":"C:\\Users\\Egyedge\\OneDrive\\Dokumentumok\\GitHub\\20250408_EG\\react\\Input.js","statementMap":{"0":{"start":{"line":4,"column":30},"end":{"line":4,"column":42}},"1":{"start":{"line":5,"column":28},"end":{"line":5,"column":40}},"2":{"start":{"line":6,"column":4},"end":{"line":18,"column":5}},"3":{"start":{"line":9,"column":16},"end":{"line":9,"column":44}},"4":{"start":{"line":12,"column":16},"end":{"line":12,"column":30}}},"fnMap":{"0":{"name":"Input","decl":{"start":{"line":3,"column":24},"end":{"line":3,"column":29}},"loc":{"start":{"line":3,"column":31},"end":{"line":19,"column":1}},"line":3},"1":{"name":"(anonymous_1)","decl":{"start":{"line":8,"column":75},"end":{"line":8,"column":76}},"loc":{"start":{"line":8,"column":84},"end":{"line":10,"column":13}},"line":8},"2":{"name":"(anonymous_2)","decl":{"start":{"line":11,"column":50},"end":{"line":11,"column":51}},"loc":{"start":{"line":11,"column":54},"end":{"line":13,"column":13}},"line":11}},"branchMap":{"0":{"loc":{"start":{"line":15,"column":17},"end":{"line":15,"column":52}},"type":"binary-expr","locations":[{"start":{"line":15,"column":17},"end":{"line":15,"column":32}},{"start":{"line":15,"column":36},"end":{"line":15,"column":52}}],"line":15}},"s":{"0":6,"1":6,"2":6,"3":4,"4":1},"f":{"0":6,"1":4,"2":1},"b":{"0":[6,1]},"_coverageSchema":"1a1c01bbd47fc00a2c39e90264f33305004495a9","hash":"7b145a47185ecb552a0d0f47c83de8db9140ef1a"}
,"C:\\Users\\Egyedge\\OneDrive\\Dokumentumok\\GitHub\\20250408_EG\\react\\Link.js": {"path":"C:\\Users\\Egyedge\\OneDrive\\Dokumentumok\\GitHub\\20250408_EG\\react\\Link.js","statementMap":{"0":{"start":{"line":3,"column":16},"end":{"line":6,"column":1}},"1":{"start":{"line":12,"column":32},"end":{"line":12,"column":42}},"2":{"start":{"line":14,"column":4},"end":{"line":23,"column":5}},"3":{"start":{"line":16,"column":12},"end":{"line":16,"column":37}},"4":{"start":{"line":19,"column":12},"end":{"line":19,"column":38}}},"fnMap":{"0":{"name":"Link","decl":{"start":{"line":8,"column":24},"end":{"line":8,"column":28}},"loc":{"start":{"line":11,"column":2},"end":{"line":24,"column":1}},"line":11},"1":{"name":"(anonymous_1)","decl":{"start":{"line":15,"column":82},"end":{"line":15,"column":83}},"loc":{"start":{"line":15,"column":86},"end":{"line":17,"column":9}},"line":15},"2":{"name":"(anonymous_2)","decl":{"start":{"line":18,"column":22},"end":{"line":18,"column":23}},"loc":{"start":{"line":18,"column":26},"end":{"line":20,"column":9}},"line":18}},"branchMap":{"0":{"loc":{"start":{"line":15,"column":36},"end":{"line":15,"column":47}},"type":"binary-expr","locations":[{"start":{"line":15,"column":36},"end":{"line":15,"column":40}},{"start":{"line":15,"column":44},"end":{"line":15,"column":47}}],"line":15}},"s":{"0":1,"1":4,"2":4,"3":1,"4":1},"f":{"0":4,"1":1,"2":1},"b":{"0":[4,1]},"_coverageSchema":"1a1c01bbd47fc00a2c39e90264f33305004495a9","hash":"6ef8453f55341f82aedfa896787c8f556bcca1eb"}
}
