{"C:\\Users\\Egyedge\\OneDrive\\Dokumentumok\\GitHub\\20250408_EG\\react\\Link.js": {"path":"C:\\Users\\Egyedge\\OneDrive\\Dokumentumok\\GitHub\\20250408_EG\\react\\Link.js","statementMap":{"0":{"start":{"line":3,"column":16},"end":{"line":6,"column":1}},"1":{"start":{"line":12,"column":32},"end":{"line":12,"column":42}},"2":{"start":{"line":14,"column":4},"end":{"line":23,"column":5}},"3":{"start":{"line":16,"column":12},"end":{"line":16,"column":37}},"4":{"start":{"line":19,"column":12},"end":{"line":19,"column":38}}},"fnMap":{"0":{"name":"Link","decl":{"start":{"line":8,"column":24},"end":{"line":8,"column":28}},"loc":{"start":{"line":11,"column":2},"end":{"line":24,"column":1}},"line":11},"1":{"name":"(anonymous_1)","decl":{"start":{"line":15,"column":82},"end":{"line":15,"column":83}},"loc":{"start":{"line":15,"column":86},"end":{"line":17,"column":9}},"line":15},"2":{"name":"(anonymous_2)","decl":{"start":{"line":18,"column":22},"end":{"line":18,"column":23}},"loc":{"start":{"line":18,"column":26},"end":{"line":20,"column":9}},"line":18}},"branchMap":{"0":{"loc":{"start":{"line":15,"column":36},"end":{"line":15,"column":47}},"type":"binary-expr","locations":[{"start":{"line":15,"column":36},"end":{"line":15,"column":40}},{"start":{"line":15,"column":44},"end":{"line":15,"column":47}}],"line":15}},"s":{"0":1,"1":2,"2":2,"3":1,"4":0},"f":{"0":2,"1":1,"2":0},"b":{"0":[2,0]},"_coverageSchema":"1a1c01bbd47fc00a2c39e90264f33305004495a9","hash":"6ef8453f55341f82aedfa896787c8f556bcca1eb"}
}
