<?xml version="1.0" encoding="UTF-8"?>
<coverage generated="1744124388588" clover="3.2.0">
  <project timestamp="1744124388589" name="All files">
    <metrics statements="24" coveredstatements="24" conditionals="11" coveredconditionals="11" methods="10" coveredmethods="10" elements="45" coveredelements="45" complexity="0" loc="24" ncloc="24" packages="1" files="1" classes="1"/>
    <file name="app.js" path="C:\Users\Egyedge\OneDrive\Dokumentumok\GitHub\20250408_EG\app.js">
      <metrics statements="24" coveredstatements="24" conditionals="11" coveredconditionals="11" methods="10" coveredmethods="10"/>
      <line num="2" count="3" type="stmt"/>
      <line num="6" count="1" type="stmt"/>
      <line num="10" count="2" type="stmt"/>
      <line num="14" count="5" type="stmt"/>
      <line num="15" count="5" type="cond" truecount="2" falsecount="0"/>
      <line num="16" count="1" type="stmt"/>
      <line num="17" count="4" type="cond" truecount="2" falsecount="0"/>
      <line num="18" count="1" type="stmt"/>
      <line num="19" count="3" type="cond" truecount="2" falsecount="0"/>
      <line num="20" count="1" type="stmt"/>
      <line num="21" count="2" type="cond" truecount="2" falsecount="0"/>
      <line num="22" count="1" type="stmt"/>
      <line num="24" count="1" type="stmt"/>
      <line num="29" count="1" type="stmt"/>
      <line num="30" count="1" type="stmt"/>
      <line num="31" count="5" type="stmt"/>
      <line num="33" count="1" type="stmt"/>
      <line num="37" count="2" type="cond" truecount="2" falsecount="0"/>
      <line num="38" count="1" type="stmt"/>
      <line num="41" count="2" type="stmt"/>
      <line num="45" count="3" type="stmt"/>
      <line num="49" count="3" type="stmt"/>
      <line num="53" count="3" type="stmt"/>
      <line num="55" count="1" type="stmt"/>
    </file>
  </project>
</coverage>
