{"C:\\Users\\Egyedge\\OneDrive\\Dokumentumok\\GitHub\\20250408_EG\\app.js": {"path":"C:\\Users\\Egyedge\\OneDrive\\Dokumentumok\\GitHub\\20250408_EG\\app.js","statementMap":{"0":{"start":{"line":2,"column":4},"end":{"line":2,"column":16}},"1":{"start":{"line":6,"column":4},"end":{"line":6,"column":24}},"2":{"start":{"line":14,"column":20},"end":{"line":14,"column":39}},"3":{"start":{"line":15,"column":4},"end":{"line":25,"column":5}},"4":{"start":{"line":16,"column":8},"end":{"line":16,"column":16}},"5":{"start":{"line":17,"column":10},"end":{"line":25,"column":5}},"6":{"start":{"line":18,"column":8},"end":{"line":18,"column":16}},"7":{"start":{"line":19,"column":10},"end":{"line":25,"column":5}},"8":{"start":{"line":20,"column":8},"end":{"line":20,"column":16}},"9":{"start":{"line":21,"column":10},"end":{"line":25,"column":5}},"10":{"start":{"line":22,"column":8},"end":{"line":22,"column":16}},"11":{"start":{"line":24,"column":8},"end":{"line":24,"column":16}},"12":{"start":{"line":27,"column":0},"end":{"line":31,"column":2}}},"fnMap":{"0":{"name":"sum","decl":{"start":{"line":1,"column":9},"end":{"line":1,"column":12}},"loc":{"start":{"line":1,"column":18},"end":{"line":3,"column":1}},"line":1},"1":{"name":"osszefuz","decl":{"start":{"line":5,"column":9},"end":{"line":5,"column":17}},"loc":{"start":{"line":5,"column":23},"end":{"line":7,"column":1}},"line":5},"2":{"name":"getGrade","decl":{"start":{"line":13,"column":9},"end":{"line":13,"column":17}},"loc":{"start":{"line":13,"column":31},"end":{"line":26,"column":1}},"line":13}},"branchMap":{"0":{"loc":{"start":{"line":15,"column":4},"end":{"line":25,"column":5}},"type":"if","locations":[{"start":{"line":15,"column":4},"end":{"line":25,"column":5}},{"start":{"line":17,"column":10},"end":{"line":25,"column":5}}],"line":15},"1":{"loc":{"start":{"line":17,"column":10},"end":{"line":25,"column":5}},"type":"if","locations":[{"start":{"line":17,"column":10},"end":{"line":25,"column":5}},{"start":{"line":19,"column":10},"end":{"line":25,"column":5}}],"line":17},"2":{"loc":{"start":{"line":19,"column":10},"end":{"line":25,"column":5}},"type":"if","locations":[{"start":{"line":19,"column":10},"end":{"line":25,"column":5}},{"start":{"line":21,"column":10},"end":{"line":25,"column":5}}],"line":19},"3":{"loc":{"start":{"line":21,"column":10},"end":{"line":25,"column":5}},"type":"if","locations":[{"start":{"line":21,"column":10},"end":{"line":25,"column":5}},{"start":{"line":23,"column":9},"end":{"line":25,"column":5}}],"line":21}},"s":{"0":1,"1":1,"2":5,"3":5,"4":1,"5":4,"6":1,"7":3,"8":1,"9":2,"10":1,"11":1,"12":1},"f":{"0":1,"1":1,"2":5},"b":{"0":[1,4],"1":[1,3],"2":[1,2],"3":[1,1]},"_coverageSchema":"1a1c01bbd47fc00a2c39e90264f33305004495a9","hash":"c2bae97495713ad26aa9ce28bf6e7183802efb35"}
}
