{"C:\\Users\\Egyedge\\OneDrive\\Dokumentumok\\GitHub\\20250408_EG\\app.js": {"path":"C:\\Users\\Egyedge\\OneDrive\\Dokumentumok\\GitHub\\20250408_EG\\app.js","statementMap":{"0":{"start":{"line":2,"column":4},"end":{"line":2,"column":16}},"1":{"start":{"line":6,"column":4},"end":{"line":6,"column":24}},"2":{"start":{"line":10,"column":4},"end":{"line":10,"column":30}},"3":{"start":{"line":14,"column":20},"end":{"line":14,"column":39}},"4":{"start":{"line":15,"column":4},"end":{"line":25,"column":5}},"5":{"start":{"line":16,"column":8},"end":{"line":16,"column":16}},"6":{"start":{"line":17,"column":10},"end":{"line":25,"column":5}},"7":{"start":{"line":18,"column":8},"end":{"line":18,"column":16}},"8":{"start":{"line":19,"column":10},"end":{"line":25,"column":5}},"9":{"start":{"line":20,"column":8},"end":{"line":20,"column":16}},"10":{"start":{"line":21,"column":10},"end":{"line":25,"column":5}},"11":{"start":{"line":22,"column":8},"end":{"line":22,"column":16}},"12":{"start":{"line":24,"column":8},"end":{"line":24,"column":16}},"13":{"start":{"line":29,"column":16},"end":{"line":29,"column":20}},"14":{"start":{"line":30,"column":4},"end":{"line":32,"column":5}},"15":{"start":{"line":30,"column":16},"end":{"line":30,"column":17}},"16":{"start":{"line":31,"column":8},"end":{"line":31,"column":20}},"17":{"start":{"line":33,"column":4},"end":{"line":33,"column":16}},"18":{"start":{"line":37,"column":4},"end":{"line":39,"column":5}},"19":{"start":{"line":38,"column":8},"end":{"line":38,"column":23}},"20":{"start":{"line":41,"column":4},"end":{"line":41,"column":15}},"21":{"start":{"line":45,"column":4},"end":{"line":45,"column":20}},"22":{"start":{"line":49,"column":4},"end":{"line":49,"column":55}},"23":{"start":{"line":49,"column":28},"end":{"line":49,"column":54}},"24":{"start":{"line":53,"column":4},"end":{"line":53,"column":41}},"25":{"start":{"line":55,"column":0},"end":{"line":65,"column":2}}},"fnMap":{"0":{"name":"sum","decl":{"start":{"line":1,"column":9},"end":{"line":1,"column":12}},"loc":{"start":{"line":1,"column":18},"end":{"line":3,"column":1}},"line":1},"1":{"name":"osszefuz","decl":{"start":{"line":5,"column":9},"end":{"line":5,"column":17}},"loc":{"start":{"line":5,"column":23},"end":{"line":7,"column":1}},"line":5},"2":{"name":"arrayContains","decl":{"start":{"line":9,"column":9},"end":{"line":9,"column":22}},"loc":{"start":{"line":9,"column":34},"end":{"line":11,"column":1}},"line":9},"3":{"name":"getGrade","decl":{"start":{"line":13,"column":9},"end":{"line":13,"column":17}},"loc":{"start":{"line":13,"column":31},"end":{"line":26,"column":1}},"line":13},"4":{"name":"addXTimes","decl":{"start":{"line":28,"column":9},"end":{"line":28,"column":18}},"loc":{"start":{"line":28,"column":36},"end":{"line":34,"column":1}},"line":28},"5":{"name":"arrayElement","decl":{"start":{"line":36,"column":9},"end":{"line":36,"column":21}},"loc":{"start":{"line":36,"column":33},"end":{"line":42,"column":1}},"line":36},"6":{"name":"convertItemsToString","decl":{"start":{"line":44,"column":9},"end":{"line":44,"column":29}},"loc":{"start":{"line":44,"column":36},"end":{"line":46,"column":1}},"line":44},"7":{"name":"mapArrayElements","decl":{"start":{"line":48,"column":9},"end":{"line":48,"column":25}},"loc":{"start":{"line":48,"column":31},"end":{"line":50,"column":1}},"line":48},"8":{"name":"(anonymous_8)","decl":{"start":{"line":49,"column":20},"end":{"line":49,"column":21}},"loc":{"start":{"line":49,"column":28},"end":{"line":49,"column":54}},"line":49},"9":{"name":"getRandomByChance","decl":{"start":{"line":52,"column":9},"end":{"line":52,"column":26}},"loc":{"start":{"line":52,"column":39},"end":{"line":54,"column":1}},"line":52}},"branchMap":{"0":{"loc":{"start":{"line":15,"column":4},"end":{"line":25,"column":5}},"type":"if","locations":[{"start":{"line":15,"column":4},"end":{"line":25,"column":5}},{"start":{"line":17,"column":10},"end":{"line":25,"column":5}}],"line":15},"1":{"loc":{"start":{"line":17,"column":10},"end":{"line":25,"column":5}},"type":"if","locations":[{"start":{"line":17,"column":10},"end":{"line":25,"column":5}},{"start":{"line":19,"column":10},"end":{"line":25,"column":5}}],"line":17},"2":{"loc":{"start":{"line":19,"column":10},"end":{"line":25,"column":5}},"type":"if","locations":[{"start":{"line":19,"column":10},"end":{"line":25,"column":5}},{"start":{"line":21,"column":10},"end":{"line":25,"column":5}}],"line":19},"3":{"loc":{"start":{"line":21,"column":10},"end":{"line":25,"column":5}},"type":"if","locations":[{"start":{"line":21,"column":10},"end":{"line":25,"column":5}},{"start":{"line":23,"column":9},"end":{"line":25,"column":5}}],"line":21},"4":{"loc":{"start":{"line":37,"column":4},"end":{"line":39,"column":5}},"type":"if","locations":[{"start":{"line":37,"column":4},"end":{"line":39,"column":5}},{"start":{},"end":{}}],"line":37},"5":{"loc":{"start":{"line":52,"column":27},"end":{"line":52,"column":38}},"type":"default-arg","locations":[{"start":{"line":52,"column":36},"end":{"line":52,"column":38}}],"line":52}},"s":{"0":3,"1":1,"2":2,"3":5,"4":5,"5":1,"6":4,"7":1,"8":3,"9":1,"10":2,"11":1,"12":1,"13":1,"14":1,"15":1,"16":5,"17":1,"18":2,"19":1,"20":2,"21":3,"22":1,"23":3,"24":3,"25":1},"f":{"0":3,"1":1,"2":2,"3":5,"4":1,"5":2,"6":3,"7":1,"8":3,"9":3},"b":{"0":[1,4],"1":[1,3],"2":[1,2],"3":[1,1],"4":[1,1],"5":[1]},"_coverageSchema":"1a1c01bbd47fc00a2c39e90264f33305004495a9","hash":"aed5a167f0ff1aee451d556ec775930eef06bcd3"}
}
