TN:
SF:app.js
FN:1,sum
FN:5,osszefuz
FN:9,arrayContains
FN:13,getGrade
FN:28,addXTimes
FN:36,arrayElement
FN:44,convertItemsToString
FN:48,mapArrayElements
FN:49,(anonymous_8)
FN:52,getRandomByChance
FNF:10
FNH:10
FNDA:3,sum
FNDA:1,osszefuz
FNDA:2,arrayContains
FNDA:5,getGrade
FNDA:1,addXTimes
FNDA:2,arrayElement
FNDA:3,convertItemsToString
FNDA:1,mapArrayElements
FNDA:3,(anonymous_8)
FNDA:3,getRandomByChance
DA:2,3
DA:6,1
DA:10,2
DA:14,5
DA:15,5
DA:16,1
DA:17,4
DA:18,1
DA:19,3
DA:20,1
DA:21,2
DA:22,1
DA:24,1
DA:29,1
DA:30,1
DA:31,5
DA:33,1
DA:37,2
DA:38,1
DA:41,2
DA:45,3
DA:49,3
DA:53,3
DA:55,1
LF:24
LH:24
BRDA:15,0,0,1
BRDA:15,0,1,4
BRDA:17,1,0,1
BRDA:17,1,1,3
BRDA:19,2,0,1
BRDA:19,2,1,2
BRDA:21,3,0,1
BRDA:21,3,1,1
BRDA:37,4,0,1
BRDA:37,4,1,1
BRDA:52,5,0,1
BRF:11
BRH:11
end_of_record
